[0.090s] Invoking command in '/home/flejv/bc_ws/build/bc_pkg': CMAKE_PREFIX_PATH=/home/flejv/bc_ws/install/px4_msgs:/home/flejv/bc_ws/install/bc_pkg:/home/flejv/bc_ws/install/leap_gesture_interface:/opt/ros/humble /usr/bin/cmake --build /home/flejv/bc_ws/build/bc_pkg -- -j8 -l8
[0.154s] [35m[1mConsolidate compiler generated dependencies of target control[0m
[0.159s] [35m[1mConsolidate compiler generated dependencies of target connect[0m
[0.176s] [  7%] Built target libExampleConnection
[0.181s] [ 23%] Built target hand
[0.182s] [ 38%] Built target gest
[0.196s] [ 46%] [32mBuilding CXX object CMakeFiles/control.dir/src/leap_control.cpp.o[0m
[0.205s] [ 61%] Built target connect
[0.213s] [01m[K/home/flejv/bc_ws/src/bc_pkg/src/leap_control.cpp:1:2:[m[K [01;31m[Kerror: [m[Kinvalid preprocessing directive #iinclude; did you mean #include?
[0.213s]     1 | #[01;31m[Kiinclude[m[K <geometry_msgs/msg/twist.hpp>
[0.213s]       |  [01;31m[K^~~~~~~~[m[K
[0.213s]       |  [32m[Kinclude[m[K
[0.222s] [ 76%] Built target rpy
[0.227s] [ 92%] Built target carth
[3.836s] [01m[K/home/flejv/bc_ws/src/bc_pkg/src/leap_control.cpp:455:43:[m[K [01;31m[Kerror: [m[Kâ€˜[01m[KTwist[m[Kâ€™ is not a member of â€˜[01m[Kgeometry_msgs::msg[m[Kâ€™
[3.836s]   455 |     rclcpp::Publisher<geometry_msgs::msg::[01;31m[KTwist[m[K>::SharedPtr velocity_pub;
[3.836s]       |                                           [01;31m[K^~~~~[m[K
[3.837s] [01m[K/home/flejv/bc_ws/src/bc_pkg/src/leap_control.cpp:455:48:[m[K [01;31m[Kerror: [m[Ktemplate argument 1 is invalid
[3.837s]   455 |     rclcpp::Publisher<geometry_msgs::msg::Twist[01;31m[K>[m[K::SharedPtr velocity_pub;
[3.837s]       |                                                [01;31m[K^[m[K
[3.837s] [01m[K/home/flejv/bc_ws/src/bc_pkg/src/leap_control.cpp:455:51:[m[K [01;31m[Kerror: [m[Kexpected â€˜[01m[K;[m[Kâ€™ at end of member declaration
[3.837s]   455 |     rclcpp::Publisher<geometry_msgs::msg::Twist>::[01;31m[KSharedPtr[m[K velocity_pub;
[3.837s]       |                                                   [01;31m[K^~~~~~~~~[m[K
[3.837s]       |                                                            [32m[K;[m[K
[3.839s] [01m[K/home/flejv/bc_ws/src/bc_pkg/src/leap_control.cpp:455:61:[m[K [01;31m[Kerror: [m[Kâ€˜[01m[Kvelocity_pub[m[Kâ€™ does not name a type
[3.840s]   455 |     rclcpp::Publisher<geometry_msgs::msg::Twist>::SharedPtr [01;31m[Kvelocity_pub[m[K;
[3.840s]       |                                                             [01;31m[K^~~~~~~~~~~~[m[K
[3.973s] [01m[K/home/flejv/bc_ws/src/bc_pkg/src/leap_control.cpp:463:46:[m[K [01;31m[Kerror: [m[Kâ€˜[01m[KVector3[m[Kâ€™ is not a member of â€˜[01m[Kgeometry_msgs::msg[m[Kâ€™
[3.973s]   463 |     rclcpp::Subscription<geometry_msgs::msg::[01;31m[KVector3[m[K>::SharedPtr rpy_sub;
[3.973s]       |                                              [01;31m[K^~~~~~~[m[K
[3.973s] [01m[K/home/flejv/bc_ws/src/bc_pkg/src/leap_control.cpp:463:53:[m[K [01;31m[Kerror: [m[Ktemplate argument 1 is invalid
[3.973s]   463 |     rclcpp::Subscription<geometry_msgs::msg::Vector3[01;31m[K>[m[K::SharedPtr rpy_sub;
[3.974s]       |                                                     [01;31m[K^[m[K
[3.974s] [01m[K/home/flejv/bc_ws/src/bc_pkg/src/leap_control.cpp:463:53:[m[K [01;31m[Kerror: [m[Ktemplate argument 3 is invalid
[3.974s] [01m[K/home/flejv/bc_ws/src/bc_pkg/src/leap_control.cpp:463:53:[m[K [01;31m[Kerror: [m[Ktemplate argument 4 is invalid
[3.974s] [01m[K/home/flejv/bc_ws/src/bc_pkg/src/leap_control.cpp:463:53:[m[K [01;31m[Kerror: [m[Ktemplate argument 5 is invalid
[3.974s] [01m[K/home/flejv/bc_ws/src/bc_pkg/src/leap_control.cpp:463:56:[m[K [01;31m[Kerror: [m[Kexpected â€˜[01m[K;[m[Kâ€™ at end of member declaration
[3.974s]   463 |     rclcpp::Subscription<geometry_msgs::msg::Vector3>::[01;31m[KSharedPtr[m[K rpy_sub;
[3.975s]       |                                                        [01;31m[K^~~~~~~~~[m[K
[3.975s]       |                                                                 [32m[K;[m[K
[3.975s] [01m[K/home/flejv/bc_ws/src/bc_pkg/src/leap_control.cpp:463:56:[m[K [01;31m[Kerror: [m[Kredeclaration of â€˜[01m[Kint LeapControl::SharedPtr[m[Kâ€™
[3.975s] [01m[K/home/flejv/bc_ws/src/bc_pkg/src/leap_control.cpp:455:51:[m[K [01;36m[Knote: [m[Kprevious declaration â€˜[01m[Kint LeapControl::SharedPtr[m[Kâ€™
[3.975s]   455 |     rclcpp::Publisher<geometry_msgs::msg::Twist>::[01;36m[KSharedPtr[m[K velocity_pub;
[3.975s]       |                                                   [01;36m[K^~~~~~~~~[m[K
[3.975s] [01m[K/home/flejv/bc_ws/src/bc_pkg/src/leap_control.cpp:463:66:[m[K [01;31m[Kerror: [m[Kâ€˜[01m[Krpy_sub[m[Kâ€™ does not name a type
[3.976s]   463 |     rclcpp::Subscription<geometry_msgs::msg::Vector3>::SharedPtr [01;31m[Krpy_sub[m[K;
[3.976s]       |                                                                  [01;31m[K^~~~~~~[m[K
[4.101s] [01m[K/home/flejv/bc_ws/src/bc_pkg/src/leap_control.cpp:471:25:[m[K [01;31m[Kerror: [m[Kâ€˜[01m[KTwist[m[Kâ€™ in namespace â€˜[01m[Kgeometry_msgs::msg[m[Kâ€™ does not name a type
[4.101s]   471 |     geometry_msgs::msg::[01;31m[KTwist[m[K twist;
[4.101s]       |                         [01;31m[K^~~~~[m[K
[4.127s] [01m[K/home/flejv/bc_ws/src/bc_pkg/src/leap_control.cpp:511:25:[m[K [01;31m[Kerror: [m[Kâ€˜[01m[KVector3[m[Kâ€™ in namespace â€˜[01m[Kgeometry_msgs::msg[m[Kâ€™ does not name a type
[4.127s]   511 |     geometry_msgs::msg::[01;31m[KVector3[m[K rpy;
[4.127s]       |                         [01;31m[K^~~~~~~[m[K
[4.194s] [01m[K/home/flejv/bc_ws/src/bc_pkg/src/leap_control.cpp:694:18:[m[K [01;31m[Kerror: [m[Kâ€˜[01m[Kgeometry_msgs::msg::Vector3[m[Kâ€™ has not been declared
[4.194s]   694 |     void get_rpy([01;31m[Kgeometry_msgs[m[K::msg::Vector3 msg)
[4.194s]       |                  [01;31m[K^~~~~~~~~~~~~[m[K
[4.218s] [01m[K/home/flejv/bc_ws/src/bc_pkg/src/leap_control.cpp:[m[K In constructor â€˜[01m[KLeapControl::LeapControl()[m[Kâ€™:
[4.218s] [01m[K/home/flejv/bc_ws/src/bc_pkg/src/leap_control.cpp:67:9:[m[K [01;31m[Kerror: [m[Kâ€˜[01m[Krpy_sub[m[Kâ€™ was not declared in this scope
[4.219s]    67 |         [01;31m[Krpy_sub[m[K = this->create_subscription
[4.219s]       |         [01;31m[K^~~~~~~[m[K
[4.219s] [01m[K/home/flejv/bc_ws/src/bc_pkg/src/leap_control.cpp:68:34:[m[K [01;31m[Kerror: [m[Kâ€˜[01m[KVector3[m[Kâ€™ is not a member of â€˜[01m[Kgeometry_msgs::msg[m[Kâ€™
[4.219s]    68 |             <geometry_msgs::msg::[01;31m[KVector3[m[K>("dynamic_rpy", 10,
[4.219s]       |                                  [01;31m[K^~~~~~~[m[K
[4.222s] [01m[K/home/flejv/bc_ws/src/bc_pkg/src/leap_control.cpp:68:42:[m[K [01;31m[Kerror: [m[Kno matching function for call to â€˜[01m[KLeapControl::create_subscription<<expression error> >(const char [12], int, std::_Bind_helper<false, void (LeapControl::*)(int), LeapControl*, const std::_Placeholder<1>&>::type)[m[Kâ€™
[4.222s]    67 |         rpy_sub = [01;31m[Kthis->create_subscription[m[K
[4.222s]       |                   [01;31m[K~~~~~~~~~~~~~~~~~~~~~~~~~[m[K
[4.222s]    68 | [01;31m[K            <geometry_msgs::msg::Vector3>("dynamic_rpy", 10,[m[K
[4.222s]       |             [01;31m[K~~~~~~~~~~~~~~~~~~~~~~~~~~~~~^~~~~~~~~~~~~~~~~~~[m[K
[4.222s]    69 | [01;31m[K            std::bind(&LeapControl::get_rpy, this, std::placeholders::_1))[m[K;
[4.222s]       |             [01;31m[K~~~~~~~~~~~~~~~~~~~~~~~~~~~~~~~~~~~~~~~~~~~~~~~~~~~~~~~~~~~~~~[m[K
[4.222s] In file included from [01m[K/opt/ros/humble/include/rclcpp/rclcpp/node.hpp:1321[m[K,
[4.222s]                  from [01m[K/opt/ros/humble/include/rclcpp/rclcpp/executors/single_threaded_executor.hpp:28[m[K,
[4.223s]                  from [01m[K/opt/ros/humble/include/rclcpp/rclcpp/executors.hpp:22[m[K,
[4.223s]                  from [01m[K/opt/ros/humble/include/rclcpp/rclcpp/rclcpp.hpp:155[m[K,
[4.223s]                  from [01m[K/home/flejv/bc_ws/src/bc_pkg/src/leap_control.cpp:6[m[K:
[4.223s] [01m[K/opt/ros/humble/include/rclcpp/rclcpp/node_impl.hpp:92:1:[m[K [01;36m[Knote: [m[Kcandidate: â€˜[01m[Ktemplate<class MessageT, class CallbackT, class AllocatorT, class SubscriptionT, class MessageMemoryStrategyT> std::shared_ptr<ROSMessageT> rclcpp::Node::create_subscription(const string&, const rclcpp::QoS&, CallbackT&&, const rclcpp::SubscriptionOptionsWithAllocator<AllocatorT>&, typename MessageMemoryStrategyT::SharedPtr)[m[Kâ€™
[4.223s]    92 | [01;36m[KNode[m[K::create_subscription(
[4.223s]       | [01;36m[K^~~~[m[K
[4.223s] [01m[K/opt/ros/humble/include/rclcpp/rclcpp/node_impl.hpp:92:1:[m[K [01;36m[Knote: [m[K  template argument deduction/substitution failed:
[4.223s] [01m[K/home/flejv/bc_ws/src/bc_pkg/src/leap_control.cpp:68:42:[m[K [01;31m[Kerror: [m[Ktemplate argument 1 is invalid
[4.224s]    67 |         rpy_sub = [01;31m[Kthis->create_subscription[m[K
[4.224s]       |                   [01;31m[K~~~~~~~~~~~~~~~~~~~~~~~~~[m[K
[4.224s]    68 | [01;31m[K            <geometry_msgs::msg::Vector3>("dynamic_rpy", 10,[m[K
[4.224s]       |             [01;31m[K~~~~~~~~~~~~~~~~~~~~~~~~~~~~~^~~~~~~~~~~~~~~~~~~[m[K
[4.224s]    69 | [01;31m[K            std::bind(&LeapControl::get_rpy, this, std::placeholders::_1))[m[K;
[4.224s]       |             [01;31m[K~~~~~~~~~~~~~~~~~~~~~~~~~~~~~~~~~~~~~~~~~~~~~~~~~~~~~~~~~~~~~~[m[K
[4.239s] [01m[K/home/flejv/bc_ws/src/bc_pkg/src/leap_control.cpp:89:9:[m[K [01;31m[Kerror: [m[Kâ€˜[01m[Kvelocity_pub[m[Kâ€™ was not declared in this scope
[4.239s]    89 |         [01;31m[Kvelocity_pub[m[K = this->create_publisher
[4.239s]       |         [01;31m[K^~~~~~~~~~~~[m[K
[4.240s] [01m[K/home/flejv/bc_ws/src/bc_pkg/src/leap_control.cpp:90:34:[m[K [01;31m[Kerror: [m[Kâ€˜[01m[KTwist[m[Kâ€™ is not a member of â€˜[01m[Kgeometry_msgs::msg[m[Kâ€™
[4.240s]    90 |             <geometry_msgs::msg::[01;31m[KTwist[m[K>("/offboard_velocity_cmd",qos);
[4.240s]       |                                  [01;31m[K^~~~~[m[K
[4.240s] [01m[K/home/flejv/bc_ws/src/bc_pkg/src/leap_control.cpp:90:40:[m[K [01;31m[Kerror: [m[Kno matching function for call to â€˜[01m[KLeapControl::create_publisher<<expression error> >(const char [23], rclcpp::QoS&)[m[Kâ€™
[4.240s]    89 |         velocity_pub = [01;31m[Kthis->create_publisher[m[K
[4.240s]       |                        [01;31m[K~~~~~~~~~~~~~~~~~~~~~~[m[K
[4.240s]    90 | [01;31m[K            <geometry_msgs::msg::Twist>("/offboard_velocity_cmd",qos)[m[K;
[4.241s]       |             [01;31m[K~~~~~~~~~~~~~~~~~~~~~~~~~~~^~~~~~~~~~~~~~~~~~~~~~~~~~~~~~[m[K
[4.241s] In file included from [01m[K/opt/ros/humble/include/rclcpp/rclcpp/executors/single_threaded_executor.hpp:28[m[K,
[4.241s]                  from [01m[K/opt/ros/humble/include/rclcpp/rclcpp/executors.hpp:22[m[K,
[4.241s]                  from [01m[K/opt/ros/humble/include/rclcpp/rclcpp/rclcpp.hpp:155[m[K,
[4.241s]                  from [01m[K/home/flejv/bc_ws/src/bc_pkg/src/leap_control.cpp:6[m[K:
[4.241s] [01m[K/opt/ros/humble/include/rclcpp/rclcpp/node.hpp:195:3:[m[K [01;36m[Knote: [m[Kcandidate: â€˜[01m[Ktemplate<class MessageT, class AllocatorT, class PublisherT> std::shared_ptr<PublisherT> rclcpp::Node::create_publisher(const string&, const rclcpp::QoS&, const rclcpp::PublisherOptionsWithAllocator<AllocatorT>&)[m[Kâ€™
[4.241s]   195 |   [01;36m[Kcreate_publisher[m[K(
[4.241s]       |   [01;36m[K^~~~~~~~~~~~~~~~[m[K
[4.241s] [01m[K/opt/ros/humble/include/rclcpp/rclcpp/node.hpp:195:3:[m[K [01;36m[Knote: [m[K  template argument deduction/substitution failed:
[4.241s] [01m[K/home/flejv/bc_ws/src/bc_pkg/src/leap_control.cpp:90:40:[m[K [01;31m[Kerror: [m[Ktemplate argument 1 is invalid
[4.242s]    89 |         velocity_pub = [01;31m[Kthis->create_publisher[m[K
[4.242s]       |                        [01;31m[K~~~~~~~~~~~~~~~~~~~~~~[m[K
[4.242s]    90 | [01;31m[K            <geometry_msgs::msg::Twist>("/offboard_velocity_cmd",qos)[m[K;
[4.242s]       |             [01;31m[K~~~~~~~~~~~~~~~~~~~~~~~~~~~^~~~~~~~~~~~~~~~~~~~~~~~~~~~~~[m[K
[4.274s] [01m[K/home/flejv/bc_ws/src/bc_pkg/src/leap_control.cpp:130:40:[m[K [01;35m[Kwarning: [m[Kparameter declaration before lambda trailing return type only optional with â€˜[01m[K-std=c++2b[m[Kâ€™ or â€˜[01m[K-std=gnu++2b[m[Kâ€™
[4.274s]   130 |         auto gesture_callback = [this] [01;35m[K->[m[K void
[4.274s]       |                                        [01;35m[K^~[m[K
[4.296s] [01m[K/home/flejv/bc_ws/src/bc_pkg/src/leap_control.cpp:[m[K In lambda function:
[4.296s] [01m[K/home/flejv/bc_ws/src/bc_pkg/src/leap_control.cpp:405:21:[m[K [01;31m[Kerror: [m[Kâ€˜[01m[Ktwist[m[Kâ€™ was not declared in this scope
[4.296s]   405 |                     [01;31m[Ktwist[m[K.linear.x = x_val;
[4.296s]       |                     [01;31m[K^~~~~[m[K
[4.303s] [01m[K/home/flejv/bc_ws/src/bc_pkg/src/leap_control.cpp:417:34:[m[K [01;31m[Kerror: [m[Kâ€˜[01m[Krpy[m[Kâ€™ was not declared in this scope
[4.303s]   417 |                     std::cout << [01;31m[Krpy[m[K.x << "R" << std::endl;
[4.303s]       |                                  [01;31m[K^~~[m[K
[4.304s] [01m[K/home/flejv/bc_ws/src/bc_pkg/src/leap_control.cpp:425:21:[m[K [01;31m[Kerror: [m[Kâ€˜[01m[Kvelocity_pub[m[Kâ€™ is not captured
[4.304s]   425 |                     [01;31m[Kvelocity_pub[m[K->publish(twist);
[4.304s]       |                     [01;31m[K^~~~~~~~~~~~[m[K
[4.304s] [01m[K/home/flejv/bc_ws/src/bc_pkg/src/leap_control.cpp:130:38:[m[K [01;36m[Knote: [m[Kthe lambda has no capture-default
[4.304s]   130 |         auto gesture_callback = [this[01;36m[K][m[K -> void
[4.304s]       |                                      [01;36m[K^[m[K
[4.304s] [01m[K/home/flejv/bc_ws/src/bc_pkg/src/leap_control.cpp:89:9:[m[K [01;36m[Knote: [m[Kâ€˜[01m[K<typeprefixerror>velocity_pub[m[Kâ€™ declared here
[4.304s]    89 |         [01;36m[Kvelocity_pub[m[K = this->create_publisher
[4.304s]       |         [01;36m[K^~~~~~~~~~~~[m[K
[4.311s] [01m[K/home/flejv/bc_ws/src/bc_pkg/src/leap_control.cpp:430:17:[m[K [01;31m[Kerror: [m[Kâ€˜[01m[Ktwist[m[Kâ€™ was not declared in this scope
[4.311s]   430 |                 [01;31m[Ktwist[m[K.linear.x = 0.0;
[4.311s]       |                 [01;31m[K^~~~~[m[K
[4.311s] [01m[K/home/flejv/bc_ws/src/bc_pkg/src/leap_control.cpp:437:17:[m[K [01;31m[Kerror: [m[Kâ€˜[01m[Kvelocity_pub[m[Kâ€™ is not captured
[4.311s]   437 |                 [01;31m[Kvelocity_pub[m[K->publish(twist);
[4.311s]       |                 [01;31m[K^~~~~~~~~~~~[m[K
[4.312s] [01m[K/home/flejv/bc_ws/src/bc_pkg/src/leap_control.cpp:130:38:[m[K [01;36m[Knote: [m[Kthe lambda has no capture-default
[4.312s]   130 |         auto gesture_callback = [this[01;36m[K][m[K -> void
[4.312s]       |                                      [01;36m[K^[m[K
[4.312s] [01m[K/home/flejv/bc_ws/src/bc_pkg/src/leap_control.cpp:89:9:[m[K [01;36m[Knote: [m[Kâ€˜[01m[K<typeprefixerror>velocity_pub[m[Kâ€™ declared here
[4.312s]    89 |         [01;36m[Kvelocity_pub[m[K = this->create_publisher
[4.312s]       |         [01;36m[K^~~~~~~~~~~~[m[K
[4.328s] [01m[K/home/flejv/bc_ws/src/bc_pkg/src/leap_control.cpp:[m[K In member function â€˜[01m[Kvoid LeapControl::carth_control()[m[Kâ€™:
[4.328s] [01m[K/home/flejv/bc_ws/src/bc_pkg/src/leap_control.cpp:531:19:[m[K [01;35m[Kwarning: [m[Kenumeration value â€˜[01m[KUP[m[Kâ€™ not handled in switch [[01;35m[K]8;;https://gcc.gnu.org/onlinedocs/gcc/Warning-Options.html#index-Wswitch-Wswitch]8;;[m[K]
[4.328s]   531 |             switch[01;35m[K([m[Kdir)
[4.328s]       |                   [01;35m[K^[m[K
[4.328s] [01m[K/home/flejv/bc_ws/src/bc_pkg/src/leap_control.cpp:531:19:[m[K [01;35m[Kwarning: [m[Kenumeration value â€˜[01m[KDOWN[m[Kâ€™ not handled in switch [[01;35m[K]8;;https://gcc.gnu.org/onlinedocs/gcc/Warning-Options.html#index-Wswitch-Wswitch]8;;[m[K]
[4.329s] [01m[K/home/flejv/bc_ws/src/bc_pkg/src/leap_control.cpp:531:19:[m[K [01;35m[Kwarning: [m[Kenumeration value â€˜[01m[KTURN_R[m[Kâ€™ not handled in switch [[01;35m[K]8;;https://gcc.gnu.org/onlinedocs/gcc/Warning-Options.html#index-Wswitch-Wswitch]8;;[m[K]
[4.329s] [01m[K/home/flejv/bc_ws/src/bc_pkg/src/leap_control.cpp:531:19:[m[K [01;35m[Kwarning: [m[Kenumeration value â€˜[01m[KTURN_L[m[Kâ€™ not handled in switch [[01;35m[K]8;;https://gcc.gnu.org/onlinedocs/gcc/Warning-Options.html#index-Wswitch-Wswitch]8;;[m[K]
[4.329s] [01m[K/home/flejv/bc_ws/src/bc_pkg/src/leap_control.cpp:531:19:[m[K [01;35m[Kwarning: [m[Kenumeration value â€˜[01m[KNEUTRAL[m[Kâ€™ not handled in switch [[01;35m[K]8;;https://gcc.gnu.org/onlinedocs/gcc/Warning-Options.html#index-Wswitch-Wswitch]8;;[m[K]
[4.334s] [01m[K/home/flejv/bc_ws/src/bc_pkg/src/leap_control.cpp:559:17:[m[K [01;31m[Kerror: [m[Kâ€˜[01m[Krpy[m[Kâ€™ was not declared in this scope
[4.334s]   559 |             if(([01;31m[Krpy[m[K.x >= 0 && rpy.x <= 20) && (rpy.y >= -50 && rpy.y <= 5))
[4.335s]       |                 [01;31m[K^~~[m[K
[4.341s] [01m[K/home/flejv/bc_ws/src/bc_pkg/src/leap_control.cpp:[m[K In member function â€˜[01m[Kvoid LeapControl::rpy_control()[m[Kâ€™:
[4.342s] [01m[K/home/flejv/bc_ws/src/bc_pkg/src/leap_control.cpp:580:16:[m[K [01;31m[Kerror: [m[Kâ€˜[01m[Krpy[m[Kâ€™ was not declared in this scope
[4.342s]   580 |             if([01;31m[Krpy[m[K.x >= 25)
[4.342s]       |                [01;31m[K^~~[m[K
[4.348s] [01m[K/home/flejv/bc_ws/src/bc_pkg/src/leap_control.cpp:649:17:[m[K [01;31m[Kerror: [m[Kâ€˜[01m[Krpy[m[Kâ€™ was not declared in this scope
[4.348s]   649 |             if(([01;31m[Krpy[m[K.x >= 0 && rpy.x <= 20) && (rpy.y >= -50 && rpy.y <= 5))
[4.348s]       |                 [01;31m[K^~~[m[K
[4.356s] [01m[K/home/flejv/bc_ws/src/bc_pkg/src/leap_control.cpp:[m[K In member function â€˜[01m[Kvoid LeapControl::get_rpy(int)[m[Kâ€™:
[4.356s] [01m[K/home/flejv/bc_ws/src/bc_pkg/src/leap_control.cpp:696:9:[m[K [01;31m[Kerror: [m[Kâ€˜[01m[Krpy[m[Kâ€™ was not declared in this scope
[4.357s]   696 |         [01;31m[Krpy[m[K.x = msg.x;
[4.357s]       |         [01;31m[K^~~[m[K
[4.357s] [01m[K/home/flejv/bc_ws/src/bc_pkg/src/leap_control.cpp:696:21:[m[K [01;31m[Kerror: [m[Krequest for member â€˜[01m[Kx[m[Kâ€™ in â€˜[01m[Kmsg[m[Kâ€™, which is of non-class type â€˜[01m[Kint[m[Kâ€™
[4.357s]   696 |         rpy.x = msg.[01;31m[Kx[m[K;
[4.358s]       |                     [01;31m[K^[m[K
[4.358s] [01m[K/home/flejv/bc_ws/src/bc_pkg/src/leap_control.cpp:697:21:[m[K [01;31m[Kerror: [m[Krequest for member â€˜[01m[Ky[m[Kâ€™ in â€˜[01m[Kmsg[m[Kâ€™, which is of non-class type â€˜[01m[Kint[m[Kâ€™
[4.358s]   697 |         rpy.y = msg.[01;31m[Ky[m[K;
[4.358s]       |                     [01;31m[K^[m[K
[4.359s] [01m[K/home/flejv/bc_ws/src/bc_pkg/src/leap_control.cpp:698:21:[m[K [01;31m[Kerror: [m[Krequest for member â€˜[01m[Kz[m[Kâ€™ in â€˜[01m[Kmsg[m[Kâ€™, which is of non-class type â€˜[01m[Kint[m[Kâ€™
[4.359s]   698 |         rpy.z = msg.[01;31m[Kz[m[K;
[4.359s]       |                     [01;31m[K^[m[K
[13.182s] gmake[2]: *** [CMakeFiles/control.dir/build.make:76: CMakeFiles/control.dir/src/leap_control.cpp.o] Error 1
[13.182s] gmake[1]: *** [CMakeFiles/Makefile2:201: CMakeFiles/control.dir/all] Error 2
[13.183s] gmake: *** [Makefile:146: all] Error 2
[13.186s] Invoked command in '/home/flejv/bc_ws/build/bc_pkg' returned '2': CMAKE_PREFIX_PATH=/home/flejv/bc_ws/install/px4_msgs:/home/flejv/bc_ws/install/bc_pkg:/home/flejv/bc_ws/install/leap_gesture_interface:/opt/ros/humble /usr/bin/cmake --build /home/flejv/bc_ws/build/bc_pkg -- -j8 -l8
